[INFO  - 2019-10-26T03:16:27.800Z] GhostDriver - Main - running on port 31069
[INFO  - 2019-10-26T03:16:28.185Z] Session [ffe82c50-f79e-11e9-b826-ed1c8ef8691b] - page.settings - {"XSSAuditingEnabled":false,"javascriptCanCloseWindows":true,"javascriptCanOpenWindows":true,"javascriptEnabled":true,"loadImages":true,"localToRemoteUrlAccessEnabled":false,"userAgent":"Mozilla/5.0 (Windows NT 6.2; WOW64) AppleWebKit/538.1 (KHTML, like Gecko) PhantomJS/2.1.1 Safari/538.1","webSecurityEnabled":true}
[INFO  - 2019-10-26T03:16:28.185Z] Session [ffe82c50-f79e-11e9-b826-ed1c8ef8691b] - page.customHeaders:  - {}
[INFO  - 2019-10-26T03:16:28.185Z] Session [ffe82c50-f79e-11e9-b826-ed1c8ef8691b] - Session.negotiatedCapabilities - {"browserName":"phantomjs","version":"2.1.1","driverName":"ghostdriver","driverVersion":"1.2.0","platform":"windows-10-32bit","javascriptEnabled":true,"takesScreenshot":true,"handlesAlerts":false,"databaseEnabled":false,"locationContextEnabled":false,"applicationCacheEnabled":false,"browserConnectionEnabled":false,"cssSelectorsEnabled":true,"webStorageEnabled":false,"rotatable":false,"acceptSslCerts":false,"nativeEvents":true,"proxy":{"proxyType":"direct"}}
[INFO  - 2019-10-26T03:16:28.185Z] SessionManagerReqHand - _postNewSessionCommand - New Session Created: ffe82c50-f79e-11e9-b826-ed1c8ef8691b
[INFO  - 2019-10-26T03:17:40.805Z] GhostDriver - Main - running on port 1735
[INFO  - 2019-10-26T03:17:41.559Z] Session [2ba42830-f79f-11e9-83bb-15641946a956] - page.settings - {"XSSAuditingEnabled":false,"javascriptCanCloseWindows":true,"javascriptCanOpenWindows":true,"javascriptEnabled":true,"loadImages":true,"localToRemoteUrlAccessEnabled":false,"userAgent":"Mozilla/5.0 (Windows NT 6.2; WOW64) AppleWebKit/538.1 (KHTML, like Gecko) PhantomJS/2.1.1 Safari/538.1","webSecurityEnabled":true}
[INFO  - 2019-10-26T03:17:41.559Z] Session [2ba42830-f79f-11e9-83bb-15641946a956] - page.customHeaders:  - {}
[INFO  - 2019-10-26T03:17:41.559Z] Session [2ba42830-f79f-11e9-83bb-15641946a956] - Session.negotiatedCapabilities - {"browserName":"phantomjs","version":"2.1.1","driverName":"ghostdriver","driverVersion":"1.2.0","platform":"windows-10-32bit","javascriptEnabled":true,"takesScreenshot":true,"handlesAlerts":false,"databaseEnabled":false,"locationContextEnabled":false,"applicationCacheEnabled":false,"browserConnectionEnabled":false,"cssSelectorsEnabled":true,"webStorageEnabled":false,"rotatable":false,"acceptSslCerts":false,"nativeEvents":true,"proxy":{"proxyType":"direct"}}
[INFO  - 2019-10-26T03:17:41.559Z] SessionManagerReqHand - _postNewSessionCommand - New Session Created: 2ba42830-f79f-11e9-83bb-15641946a956
[INFO  - 2019-10-26T03:18:00.437Z] ShutdownReqHand - _handle - About to shutdown
[INFO  - 2019-10-26T03:18:02.517Z] GhostDriver - Main - running on port 44152
[INFO  - 2019-10-26T03:18:02.555Z] Session [3827e470-f79f-11e9-ba60-fdc47dc078cb] - page.settings - {"XSSAuditingEnabled":false,"javascriptCanCloseWindows":true,"javascriptCanOpenWindows":true,"javascriptEnabled":true,"loadImages":true,"localToRemoteUrlAccessEnabled":false,"userAgent":"Mozilla/5.0 (Windows NT 6.2; WOW64) AppleWebKit/538.1 (KHTML, like Gecko) PhantomJS/2.1.1 Safari/538.1","webSecurityEnabled":true}
[INFO  - 2019-10-26T03:18:02.555Z] Session [3827e470-f79f-11e9-ba60-fdc47dc078cb] - page.customHeaders:  - {}
[INFO  - 2019-10-26T03:18:02.555Z] Session [3827e470-f79f-11e9-ba60-fdc47dc078cb] - Session.negotiatedCapabilities - {"browserName":"phantomjs","version":"2.1.1","driverName":"ghostdriver","driverVersion":"1.2.0","platform":"windows-10-32bit","javascriptEnabled":true,"takesScreenshot":true,"handlesAlerts":false,"databaseEnabled":false,"locationContextEnabled":false,"applicationCacheEnabled":false,"browserConnectionEnabled":false,"cssSelectorsEnabled":true,"webStorageEnabled":false,"rotatable":false,"acceptSslCerts":false,"nativeEvents":true,"proxy":{"proxyType":"direct"}}
[INFO  - 2019-10-26T03:18:02.555Z] SessionManagerReqHand - _postNewSessionCommand - New Session Created: 3827e470-f79f-11e9-ba60-fdc47dc078cb
[INFO  - 2019-10-26T03:18:20.028Z] ShutdownReqHand - _handle - About to shutdown
[INFO  - 2019-10-26T03:18:22.208Z] GhostDriver - Main - running on port 16791
[INFO  - 2019-10-26T03:18:22.733Z] Session [442ea880-f79f-11e9-a7fa-27d117ed026f] - page.settings - {"XSSAuditingEnabled":false,"javascriptCanCloseWindows":true,"javascriptCanOpenWindows":true,"javascriptEnabled":true,"loadImages":true,"localToRemoteUrlAccessEnabled":false,"userAgent":"Mozilla/5.0 (Windows NT 6.2; WOW64) AppleWebKit/538.1 (KHTML, like Gecko) PhantomJS/2.1.1 Safari/538.1","webSecurityEnabled":true}
[INFO  - 2019-10-26T03:18:22.733Z] Session [442ea880-f79f-11e9-a7fa-27d117ed026f] - page.customHeaders:  - {}
[INFO  - 2019-10-26T03:18:22.734Z] Session [442ea880-f79f-11e9-a7fa-27d117ed026f] - Session.negotiatedCapabilities - {"browserName":"phantomjs","version":"2.1.1","driverName":"ghostdriver","driverVersion":"1.2.0","platform":"windows-10-32bit","javascriptEnabled":true,"takesScreenshot":true,"handlesAlerts":false,"databaseEnabled":false,"locationContextEnabled":false,"applicationCacheEnabled":false,"browserConnectionEnabled":false,"cssSelectorsEnabled":true,"webStorageEnabled":false,"rotatable":false,"acceptSslCerts":false,"nativeEvents":true,"proxy":{"proxyType":"direct"}}
[INFO  - 2019-10-26T03:18:22.734Z] SessionManagerReqHand - _postNewSessionCommand - New Session Created: 442ea880-f79f-11e9-a7fa-27d117ed026f
[INFO  - 2019-10-26T03:18:41.387Z] ShutdownReqHand - _handle - About to shutdown
[INFO  - 2019-11-05T10:21:11.079Z] GhostDriver - Main - running on port 32583
[INFO  - 2019-11-05T10:21:11.658Z] Session [fd5ee950-ffb5-11e9-80de-bb2ebd31d08e] - page.settings - {"XSSAuditingEnabled":false,"javascriptCanCloseWindows":true,"javascriptCanOpenWindows":true,"javascriptEnabled":true,"loadImages":true,"localToRemoteUrlAccessEnabled":false,"userAgent":"Mozilla/5.0 (Windows NT 6.2; WOW64) AppleWebKit/538.1 (KHTML, like Gecko) PhantomJS/2.1.1 Safari/538.1","webSecurityEnabled":true}
[INFO  - 2019-11-05T10:21:11.658Z] Session [fd5ee950-ffb5-11e9-80de-bb2ebd31d08e] - page.customHeaders:  - {}
[INFO  - 2019-11-05T10:21:11.658Z] Session [fd5ee950-ffb5-11e9-80de-bb2ebd31d08e] - Session.negotiatedCapabilities - {"browserName":"phantomjs","version":"2.1.1","driverName":"ghostdriver","driverVersion":"1.2.0","platform":"windows-10-32bit","javascriptEnabled":true,"takesScreenshot":true,"handlesAlerts":false,"databaseEnabled":false,"locationContextEnabled":false,"applicationCacheEnabled":false,"browserConnectionEnabled":false,"cssSelectorsEnabled":true,"webStorageEnabled":false,"rotatable":false,"acceptSslCerts":false,"nativeEvents":true,"proxy":{"proxyType":"direct"}}
[INFO  - 2019-11-05T10:21:11.658Z] SessionManagerReqHand - _postNewSessionCommand - New Session Created: fd5ee950-ffb5-11e9-80de-bb2ebd31d08e
[INFO  - 2019-11-05T10:21:30.977Z] ShutdownReqHand - _handle - About to shutdown
[INFO  - 2019-11-05T10:21:33.164Z] GhostDriver - Main - running on port 13032
[INFO  - 2019-11-05T10:21:33.683Z] Session [0a7fcff0-ffb6-11e9-a182-67c1a87caf39] - page.settings - {"XSSAuditingEnabled":false,"javascriptCanCloseWindows":true,"javascriptCanOpenWindows":true,"javascriptEnabled":true,"loadImages":true,"localToRemoteUrlAccessEnabled":false,"userAgent":"Mozilla/5.0 (Windows NT 6.2; WOW64) AppleWebKit/538.1 (KHTML, like Gecko) PhantomJS/2.1.1 Safari/538.1","webSecurityEnabled":true}
[INFO  - 2019-11-05T10:21:33.683Z] Session [0a7fcff0-ffb6-11e9-a182-67c1a87caf39] - page.customHeaders:  - {}
[INFO  - 2019-11-05T10:21:33.683Z] Session [0a7fcff0-ffb6-11e9-a182-67c1a87caf39] - Session.negotiatedCapabilities - {"browserName":"phantomjs","version":"2.1.1","driverName":"ghostdriver","driverVersion":"1.2.0","platform":"windows-10-32bit","javascriptEnabled":true,"takesScreenshot":true,"handlesAlerts":false,"databaseEnabled":false,"locationContextEnabled":false,"applicationCacheEnabled":false,"browserConnectionEnabled":false,"cssSelectorsEnabled":true,"webStorageEnabled":false,"rotatable":false,"acceptSslCerts":false,"nativeEvents":true,"proxy":{"proxyType":"direct"}}
[INFO  - 2019-11-05T10:21:33.683Z] SessionManagerReqHand - _postNewSessionCommand - New Session Created: 0a7fcff0-ffb6-11e9-a182-67c1a87caf39
[INFO  - 2019-11-05T10:21:52.408Z] ShutdownReqHand - _handle - About to shutdown
[INFO  - 2019-11-05T10:21:54.626Z] GhostDriver - Main - running on port 26449
[INFO  - 2019-11-05T10:21:55.105Z] Session [17448cd0-ffb6-11e9-84d9-7bccd34cbdb2] - page.settings - {"XSSAuditingEnabled":false,"javascriptCanCloseWindows":true,"javascriptCanOpenWindows":true,"javascriptEnabled":true,"loadImages":true,"localToRemoteUrlAccessEnabled":false,"userAgent":"Mozilla/5.0 (Windows NT 6.2; WOW64) AppleWebKit/538.1 (KHTML, like Gecko) PhantomJS/2.1.1 Safari/538.1","webSecurityEnabled":true}
[INFO  - 2019-11-05T10:21:55.105Z] Session [17448cd0-ffb6-11e9-84d9-7bccd34cbdb2] - page.customHeaders:  - {}
[INFO  - 2019-11-05T10:21:55.105Z] Session [17448cd0-ffb6-11e9-84d9-7bccd34cbdb2] - Session.negotiatedCapabilities - {"browserName":"phantomjs","version":"2.1.1","driverName":"ghostdriver","driverVersion":"1.2.0","platform":"windows-10-32bit","javascriptEnabled":true,"takesScreenshot":true,"handlesAlerts":false,"databaseEnabled":false,"locationContextEnabled":false,"applicationCacheEnabled":false,"browserConnectionEnabled":false,"cssSelectorsEnabled":true,"webStorageEnabled":false,"rotatable":false,"acceptSslCerts":false,"nativeEvents":true,"proxy":{"proxyType":"direct"}}
[INFO  - 2019-11-05T10:21:55.105Z] SessionManagerReqHand - _postNewSessionCommand - New Session Created: 17448cd0-ffb6-11e9-84d9-7bccd34cbdb2
[INFO  - 2019-11-05T10:22:14.573Z] ShutdownReqHand - _handle - About to shutdown
[INFO  - 2019-11-07T08:23:14.104Z] GhostDriver - Main - running on port 11305
[INFO  - 2019-11-07T08:23:15.117Z] Session [d8401990-0137-11ea-a4bb-eb28a6fc0940] - page.settings - {"XSSAuditingEnabled":false,"javascriptCanCloseWindows":true,"javascriptCanOpenWindows":true,"javascriptEnabled":true,"loadImages":true,"localToRemoteUrlAccessEnabled":false,"userAgent":"Mozilla/5.0 (Windows NT 6.2; WOW64) AppleWebKit/538.1 (KHTML, like Gecko) PhantomJS/2.1.1 Safari/538.1","webSecurityEnabled":true}
[INFO  - 2019-11-07T08:23:15.118Z] Session [d8401990-0137-11ea-a4bb-eb28a6fc0940] - page.customHeaders:  - {}
[INFO  - 2019-11-07T08:23:15.118Z] Session [d8401990-0137-11ea-a4bb-eb28a6fc0940] - Session.negotiatedCapabilities - {"browserName":"phantomjs","version":"2.1.1","driverName":"ghostdriver","driverVersion":"1.2.0","platform":"windows-10-32bit","javascriptEnabled":true,"takesScreenshot":true,"handlesAlerts":false,"databaseEnabled":false,"locationContextEnabled":false,"applicationCacheEnabled":false,"browserConnectionEnabled":false,"cssSelectorsEnabled":true,"webStorageEnabled":false,"rotatable":false,"acceptSslCerts":false,"nativeEvents":true,"proxy":{"proxyType":"direct"}}
[INFO  - 2019-11-07T08:23:15.118Z] SessionManagerReqHand - _postNewSessionCommand - New Session Created: d8401990-0137-11ea-a4bb-eb28a6fc0940
[INFO  - 2019-11-07T08:26:52.276Z] GhostDriver - Main - running on port 42502
[INFO  - 2019-11-07T08:26:52.513Z] Session [59d418d0-0138-11ea-b934-a315e6fd79ed] - page.settings - {"XSSAuditingEnabled":false,"javascriptCanCloseWindows":true,"javascriptCanOpenWindows":true,"javascriptEnabled":true,"loadImages":true,"localToRemoteUrlAccessEnabled":false,"userAgent":"Mozilla/5.0 (Windows NT 6.2; WOW64) AppleWebKit/538.1 (KHTML, like Gecko) PhantomJS/2.1.1 Safari/538.1","webSecurityEnabled":true}
[INFO  - 2019-11-07T08:26:52.513Z] Session [59d418d0-0138-11ea-b934-a315e6fd79ed] - page.customHeaders:  - {}
[INFO  - 2019-11-07T08:26:52.513Z] Session [59d418d0-0138-11ea-b934-a315e6fd79ed] - Session.negotiatedCapabilities - {"browserName":"phantomjs","version":"2.1.1","driverName":"ghostdriver","driverVersion":"1.2.0","platform":"windows-10-32bit","javascriptEnabled":true,"takesScreenshot":true,"handlesAlerts":false,"databaseEnabled":false,"locationContextEnabled":false,"applicationCacheEnabled":false,"browserConnectionEnabled":false,"cssSelectorsEnabled":true,"webStorageEnabled":false,"rotatable":false,"acceptSslCerts":false,"nativeEvents":true,"proxy":{"proxyType":"direct"}}
[INFO  - 2019-11-07T08:26:52.514Z] SessionManagerReqHand - _postNewSessionCommand - New Session Created: 59d418d0-0138-11ea-b934-a315e6fd79ed
[INFO  - 2019-11-07T08:27:11.304Z] ShutdownReqHand - _handle - About to shutdown
[INFO  - 2019-11-07T08:27:13.391Z] GhostDriver - Main - running on port 12672
[INFO  - 2019-11-07T08:27:13.421Z] Session [664a6790-0138-11ea-9397-ef007437d49c] - page.settings - {"XSSAuditingEnabled":false,"javascriptCanCloseWindows":true,"javascriptCanOpenWindows":true,"javascriptEnabled":true,"loadImages":true,"localToRemoteUrlAccessEnabled":false,"userAgent":"Mozilla/5.0 (Windows NT 6.2; WOW64) AppleWebKit/538.1 (KHTML, like Gecko) PhantomJS/2.1.1 Safari/538.1","webSecurityEnabled":true}
[INFO  - 2019-11-07T08:27:13.421Z] Session [664a6790-0138-11ea-9397-ef007437d49c] - page.customHeaders:  - {}
[INFO  - 2019-11-07T08:27:13.421Z] Session [664a6790-0138-11ea-9397-ef007437d49c] - Session.negotiatedCapabilities - {"browserName":"phantomjs","version":"2.1.1","driverName":"ghostdriver","driverVersion":"1.2.0","platform":"windows-10-32bit","javascriptEnabled":true,"takesScreenshot":true,"handlesAlerts":false,"databaseEnabled":false,"locationContextEnabled":false,"applicationCacheEnabled":false,"browserConnectionEnabled":false,"cssSelectorsEnabled":true,"webStorageEnabled":false,"rotatable":false,"acceptSslCerts":false,"nativeEvents":true,"proxy":{"proxyType":"direct"}}
[INFO  - 2019-11-07T08:27:13.421Z] SessionManagerReqHand - _postNewSessionCommand - New Session Created: 664a6790-0138-11ea-9397-ef007437d49c
[INFO  - 2019-11-07T08:27:32.037Z] ShutdownReqHand - _handle - About to shutdown
[INFO  - 2019-11-07T08:27:34.117Z] GhostDriver - Main - running on port 31722
[INFO  - 2019-11-07T08:27:34.151Z] Session [72a58d30-0138-11ea-854c-45bd8b6ccf72] - page.settings - {"XSSAuditingEnabled":false,"javascriptCanCloseWindows":true,"javascriptCanOpenWindows":true,"javascriptEnabled":true,"loadImages":true,"localToRemoteUrlAccessEnabled":false,"userAgent":"Mozilla/5.0 (Windows NT 6.2; WOW64) AppleWebKit/538.1 (KHTML, like Gecko) PhantomJS/2.1.1 Safari/538.1","webSecurityEnabled":true}
[INFO  - 2019-11-07T08:27:34.151Z] Session [72a58d30-0138-11ea-854c-45bd8b6ccf72] - page.customHeaders:  - {}
[INFO  - 2019-11-07T08:27:34.151Z] Session [72a58d30-0138-11ea-854c-45bd8b6ccf72] - Session.negotiatedCapabilities - {"browserName":"phantomjs","version":"2.1.1","driverName":"ghostdriver","driverVersion":"1.2.0","platform":"windows-10-32bit","javascriptEnabled":true,"takesScreenshot":true,"handlesAlerts":false,"databaseEnabled":false,"locationContextEnabled":false,"applicationCacheEnabled":false,"browserConnectionEnabled":false,"cssSelectorsEnabled":true,"webStorageEnabled":false,"rotatable":false,"acceptSslCerts":false,"nativeEvents":true,"proxy":{"proxyType":"direct"}}
[INFO  - 2019-11-07T08:27:34.151Z] SessionManagerReqHand - _postNewSessionCommand - New Session Created: 72a58d30-0138-11ea-854c-45bd8b6ccf72
[INFO  - 2019-11-07T08:27:52.909Z] ShutdownReqHand - _handle - About to shutdown
[INFO  - 2019-11-07T08:33:09.905Z] GhostDriver - Main - running on port 35336
[INFO  - 2019-11-07T08:33:10.666Z] Session [3b39aa60-0139-11ea-b6b1-81cd67c237c4] - page.settings - {"XSSAuditingEnabled":false,"javascriptCanCloseWindows":true,"javascriptCanOpenWindows":true,"javascriptEnabled":true,"loadImages":true,"localToRemoteUrlAccessEnabled":false,"userAgent":"Mozilla/5.0 (Windows NT 6.2; WOW64) AppleWebKit/538.1 (KHTML, like Gecko) PhantomJS/2.1.1 Safari/538.1","webSecurityEnabled":true}
[INFO  - 2019-11-07T08:33:10.666Z] Session [3b39aa60-0139-11ea-b6b1-81cd67c237c4] - page.customHeaders:  - {}
[INFO  - 2019-11-07T08:33:10.666Z] Session [3b39aa60-0139-11ea-b6b1-81cd67c237c4] - Session.negotiatedCapabilities - {"browserName":"phantomjs","version":"2.1.1","driverName":"ghostdriver","driverVersion":"1.2.0","platform":"windows-10-32bit","javascriptEnabled":true,"takesScreenshot":true,"handlesAlerts":false,"databaseEnabled":false,"locationContextEnabled":false,"applicationCacheEnabled":false,"browserConnectionEnabled":false,"cssSelectorsEnabled":true,"webStorageEnabled":false,"rotatable":false,"acceptSslCerts":false,"nativeEvents":true,"proxy":{"proxyType":"direct"}}
[INFO  - 2019-11-07T08:33:10.666Z] SessionManagerReqHand - _postNewSessionCommand - New Session Created: 3b39aa60-0139-11ea-b6b1-81cd67c237c4
[INFO  - 2019-11-07T08:33:29.564Z] ShutdownReqHand - _handle - About to shutdown
[INFO  - 2019-11-07T08:33:31.717Z] GhostDriver - Main - running on port 11469
[INFO  - 2019-11-07T08:33:32.267Z] Session [48199060-0139-11ea-aef2-3193d5e44d96] - page.settings - {"XSSAuditingEnabled":false,"javascriptCanCloseWindows":true,"javascriptCanOpenWindows":true,"javascriptEnabled":true,"loadImages":true,"localToRemoteUrlAccessEnabled":false,"userAgent":"Mozilla/5.0 (Windows NT 6.2; WOW64) AppleWebKit/538.1 (KHTML, like Gecko) PhantomJS/2.1.1 Safari/538.1","webSecurityEnabled":true}
[INFO  - 2019-11-07T08:33:32.267Z] Session [48199060-0139-11ea-aef2-3193d5e44d96] - page.customHeaders:  - {}
[INFO  - 2019-11-07T08:33:32.267Z] Session [48199060-0139-11ea-aef2-3193d5e44d96] - Session.negotiatedCapabilities - {"browserName":"phantomjs","version":"2.1.1","driverName":"ghostdriver","driverVersion":"1.2.0","platform":"windows-10-32bit","javascriptEnabled":true,"takesScreenshot":true,"handlesAlerts":false,"databaseEnabled":false,"locationContextEnabled":false,"applicationCacheEnabled":false,"browserConnectionEnabled":false,"cssSelectorsEnabled":true,"webStorageEnabled":false,"rotatable":false,"acceptSslCerts":false,"nativeEvents":true,"proxy":{"proxyType":"direct"}}
[INFO  - 2019-11-07T08:33:32.267Z] SessionManagerReqHand - _postNewSessionCommand - New Session Created: 48199060-0139-11ea-aef2-3193d5e44d96
[INFO  - 2019-11-07T08:33:50.841Z] ShutdownReqHand - _handle - About to shutdown
[INFO  - 2019-11-07T08:33:52.936Z] GhostDriver - Main - running on port 33279
[INFO  - 2019-11-07T08:33:52.953Z] Session [546e2650-0139-11ea-a6b0-45962e740742] - page.settings - {"XSSAuditingEnabled":false,"javascriptCanCloseWindows":true,"javascriptCanOpenWindows":true,"javascriptEnabled":true,"loadImages":true,"localToRemoteUrlAccessEnabled":false,"userAgent":"Mozilla/5.0 (Windows NT 6.2; WOW64) AppleWebKit/538.1 (KHTML, like Gecko) PhantomJS/2.1.1 Safari/538.1","webSecurityEnabled":true}
[INFO  - 2019-11-07T08:33:52.953Z] Session [546e2650-0139-11ea-a6b0-45962e740742] - page.customHeaders:  - {}
[INFO  - 2019-11-07T08:33:52.953Z] Session [546e2650-0139-11ea-a6b0-45962e740742] - Session.negotiatedCapabilities - {"browserName":"phantomjs","version":"2.1.1","driverName":"ghostdriver","driverVersion":"1.2.0","platform":"windows-10-32bit","javascriptEnabled":true,"takesScreenshot":true,"handlesAlerts":false,"databaseEnabled":false,"locationContextEnabled":false,"applicationCacheEnabled":false,"browserConnectionEnabled":false,"cssSelectorsEnabled":true,"webStorageEnabled":false,"rotatable":false,"acceptSslCerts":false,"nativeEvents":true,"proxy":{"proxyType":"direct"}}
[INFO  - 2019-11-07T08:33:52.953Z] SessionManagerReqHand - _postNewSessionCommand - New Session Created: 546e2650-0139-11ea-a6b0-45962e740742
[INFO  - 2019-11-07T08:34:11.778Z] ShutdownReqHand - _handle - About to shutdown
[INFO  - 2019-11-08T06:32:26.231Z] GhostDriver - Main - running on port 23386
[INFO  - 2019-11-08T06:32:27.008Z] Session [881512d0-01f1-11ea-818b-b7f10108ca6d] - page.settings - {"XSSAuditingEnabled":false,"javascriptCanCloseWindows":true,"javascriptCanOpenWindows":true,"javascriptEnabled":true,"loadImages":true,"localToRemoteUrlAccessEnabled":false,"userAgent":"Mozilla/5.0 (Windows NT 6.2; WOW64) AppleWebKit/538.1 (KHTML, like Gecko) PhantomJS/2.1.1 Safari/538.1","webSecurityEnabled":true}
[INFO  - 2019-11-08T06:32:27.009Z] Session [881512d0-01f1-11ea-818b-b7f10108ca6d] - page.customHeaders:  - {}
[INFO  - 2019-11-08T06:32:27.009Z] Session [881512d0-01f1-11ea-818b-b7f10108ca6d] - Session.negotiatedCapabilities - {"browserName":"phantomjs","version":"2.1.1","driverName":"ghostdriver","driverVersion":"1.2.0","platform":"windows-10-32bit","javascriptEnabled":true,"takesScreenshot":true,"handlesAlerts":false,"databaseEnabled":false,"locationContextEnabled":false,"applicationCacheEnabled":false,"browserConnectionEnabled":false,"cssSelectorsEnabled":true,"webStorageEnabled":false,"rotatable":false,"acceptSslCerts":false,"nativeEvents":true,"proxy":{"proxyType":"direct"}}
[INFO  - 2019-11-08T06:32:27.009Z] SessionManagerReqHand - _postNewSessionCommand - New Session Created: 881512d0-01f1-11ea-818b-b7f10108ca6d
[INFO  - 2019-11-08T06:32:46.019Z] ShutdownReqHand - _handle - About to shutdown
[INFO  - 2019-11-20T10:21:41.603Z] GhostDriver - Main - running on port 36416
[INFO  - 2019-11-20T10:21:42.548Z] Session [8bfac100-0b7f-11ea-8346-fb6b8ea3da12] - page.settings - {"XSSAuditingEnabled":false,"javascriptCanCloseWindows":true,"javascriptCanOpenWindows":true,"javascriptEnabled":true,"loadImages":true,"localToRemoteUrlAccessEnabled":false,"userAgent":"Mozilla/5.0 (Windows NT 6.2; WOW64) AppleWebKit/538.1 (KHTML, like Gecko) PhantomJS/2.1.1 Safari/538.1","webSecurityEnabled":true}
[INFO  - 2019-11-20T10:21:42.548Z] Session [8bfac100-0b7f-11ea-8346-fb6b8ea3da12] - page.customHeaders:  - {}
[INFO  - 2019-11-20T10:21:42.548Z] Session [8bfac100-0b7f-11ea-8346-fb6b8ea3da12] - Session.negotiatedCapabilities - {"browserName":"phantomjs","version":"2.1.1","driverName":"ghostdriver","driverVersion":"1.2.0","platform":"windows-10-32bit","javascriptEnabled":true,"takesScreenshot":true,"handlesAlerts":false,"databaseEnabled":false,"locationContextEnabled":false,"applicationCacheEnabled":false,"browserConnectionEnabled":false,"cssSelectorsEnabled":true,"webStorageEnabled":false,"rotatable":false,"acceptSslCerts":false,"nativeEvents":true,"proxy":{"proxyType":"direct"}}
[INFO  - 2019-11-20T10:21:42.548Z] SessionManagerReqHand - _postNewSessionCommand - New Session Created: 8bfac100-0b7f-11ea-8346-fb6b8ea3da12
[INFO  - 2019-12-16T19:37:42.065Z] GhostDriver - Main - running on port 20292
[INFO  - 2019-12-16T19:37:42.368Z] Session [86b8d1c0-203b-11ea-9124-0b7b4da4c3bc] - page.settings - {"XSSAuditingEnabled":false,"javascriptCanCloseWindows":true,"javascriptCanOpenWindows":true,"javascriptEnabled":true,"loadImages":true,"localToRemoteUrlAccessEnabled":false,"userAgent":"Mozilla/5.0 (Windows NT 6.2; WOW64) AppleWebKit/538.1 (KHTML, like Gecko) PhantomJS/2.1.1 Safari/538.1","webSecurityEnabled":true}
[INFO  - 2019-12-16T19:37:42.368Z] Session [86b8d1c0-203b-11ea-9124-0b7b4da4c3bc] - page.customHeaders:  - {}
[INFO  - 2019-12-16T19:37:42.368Z] Session [86b8d1c0-203b-11ea-9124-0b7b4da4c3bc] - Session.negotiatedCapabilities - {"browserName":"phantomjs","version":"2.1.1","driverName":"ghostdriver","driverVersion":"1.2.0","platform":"windows-10-32bit","javascriptEnabled":true,"takesScreenshot":true,"handlesAlerts":false,"databaseEnabled":false,"locationContextEnabled":false,"applicationCacheEnabled":false,"browserConnectionEnabled":false,"cssSelectorsEnabled":true,"webStorageEnabled":false,"rotatable":false,"acceptSslCerts":false,"nativeEvents":true,"proxy":{"proxyType":"direct"}}
[INFO  - 2019-12-16T19:37:42.368Z] SessionManagerReqHand - _postNewSessionCommand - New Session Created: 86b8d1c0-203b-11ea-9124-0b7b4da4c3bc
[ERROR - 2019-12-16T19:37:47.787Z] WebElementLocator - _handleLocateCommand - Element(s) NOT Found: GAVE UP. Search Stop Time: 1576525067770
[INFO  - 2019-12-16T19:37:48.155Z] ShutdownReqHand - _handle - About to shutdown
[INFO  - 2019-12-16T19:38:15.233Z] GhostDriver - Main - running on port 45805
[INFO  - 2019-12-16T19:38:15.616Z] Session [9a8a36d0-203b-11ea-a237-dd93a3be7dff] - page.settings - {"XSSAuditingEnabled":false,"javascriptCanCloseWindows":true,"javascriptCanOpenWindows":true,"javascriptEnabled":true,"loadImages":true,"localToRemoteUrlAccessEnabled":false,"userAgent":"Mozilla/5.0 (Windows NT 6.2; WOW64) AppleWebKit/538.1 (KHTML, like Gecko) PhantomJS/2.1.1 Safari/538.1","webSecurityEnabled":true}
[INFO  - 2019-12-16T19:38:15.617Z] Session [9a8a36d0-203b-11ea-a237-dd93a3be7dff] - page.customHeaders:  - {}
[INFO  - 2019-12-16T19:38:15.617Z] Session [9a8a36d0-203b-11ea-a237-dd93a3be7dff] - Session.negotiatedCapabilities - {"browserName":"phantomjs","version":"2.1.1","driverName":"ghostdriver","driverVersion":"1.2.0","platform":"windows-10-32bit","javascriptEnabled":true,"takesScreenshot":true,"handlesAlerts":false,"databaseEnabled":false,"locationContextEnabled":false,"applicationCacheEnabled":false,"browserConnectionEnabled":false,"cssSelectorsEnabled":true,"webStorageEnabled":false,"rotatable":false,"acceptSslCerts":false,"nativeEvents":true,"proxy":{"proxyType":"direct"}}
[INFO  - 2019-12-16T19:38:15.617Z] SessionManagerReqHand - _postNewSessionCommand - New Session Created: 9a8a36d0-203b-11ea-a237-dd93a3be7dff
[INFO  - 2019-12-16T19:39:14.393Z] GhostDriver - Main - running on port 10125
[INFO  - 2019-12-16T19:39:14.698Z] Session [bdc16970-203b-11ea-8ef7-af542fc98d21] - page.settings - {"XSSAuditingEnabled":false,"javascriptCanCloseWindows":true,"javascriptCanOpenWindows":true,"javascriptEnabled":true,"loadImages":true,"localToRemoteUrlAccessEnabled":false,"userAgent":"Mozilla/5.0 (Windows NT 6.2; WOW64) AppleWebKit/538.1 (KHTML, like Gecko) PhantomJS/2.1.1 Safari/538.1","webSecurityEnabled":true}
[INFO  - 2019-12-16T19:39:14.698Z] Session [bdc16970-203b-11ea-8ef7-af542fc98d21] - page.customHeaders:  - {}
[INFO  - 2019-12-16T19:39:14.698Z] Session [bdc16970-203b-11ea-8ef7-af542fc98d21] - Session.negotiatedCapabilities - {"browserName":"phantomjs","version":"2.1.1","driverName":"ghostdriver","driverVersion":"1.2.0","platform":"windows-10-32bit","javascriptEnabled":true,"takesScreenshot":true,"handlesAlerts":false,"databaseEnabled":false,"locationContextEnabled":false,"applicationCacheEnabled":false,"browserConnectionEnabled":false,"cssSelectorsEnabled":true,"webStorageEnabled":false,"rotatable":false,"acceptSslCerts":false,"nativeEvents":true,"proxy":{"proxyType":"direct"}}
[INFO  - 2019-12-16T19:39:14.698Z] SessionManagerReqHand - _postNewSessionCommand - New Session Created: bdc16970-203b-11ea-8ef7-af542fc98d21
[INFO  - 2019-12-16T19:39:39.679Z] ShutdownReqHand - _handle - About to shutdown
[INFO  - 2019-12-17T07:12:05.124Z] GhostDriver - Main - running on port 31945
[INFO  - 2019-12-17T07:12:05.499Z] Session [87e23f80-209c-11ea-a9c0-6795f12a99e3] - page.settings - {"XSSAuditingEnabled":false,"javascriptCanCloseWindows":true,"javascriptCanOpenWindows":true,"javascriptEnabled":true,"loadImages":true,"localToRemoteUrlAccessEnabled":false,"userAgent":"Mozilla/5.0 (Windows NT 6.2; WOW64) AppleWebKit/538.1 (KHTML, like Gecko) PhantomJS/2.1.1 Safari/538.1","webSecurityEnabled":true}
[INFO  - 2019-12-17T07:12:05.499Z] Session [87e23f80-209c-11ea-a9c0-6795f12a99e3] - page.customHeaders:  - {}
[INFO  - 2019-12-17T07:12:05.499Z] Session [87e23f80-209c-11ea-a9c0-6795f12a99e3] - Session.negotiatedCapabilities - {"browserName":"phantomjs","version":"2.1.1","driverName":"ghostdriver","driverVersion":"1.2.0","platform":"windows-10-32bit","javascriptEnabled":true,"takesScreenshot":true,"handlesAlerts":false,"databaseEnabled":false,"locationContextEnabled":false,"applicationCacheEnabled":false,"browserConnectionEnabled":false,"cssSelectorsEnabled":true,"webStorageEnabled":false,"rotatable":false,"acceptSslCerts":false,"nativeEvents":true,"proxy":{"proxyType":"direct"}}
[INFO  - 2019-12-17T07:12:05.500Z] SessionManagerReqHand - _postNewSessionCommand - New Session Created: 87e23f80-209c-11ea-a9c0-6795f12a99e3
[INFO  - 2019-12-17T07:12:55.576Z] GhostDriver - Main - running on port 5720
[INFO  - 2019-12-17T07:12:55.969Z] Session [a5f75be0-209c-11ea-950c-c1942d213c52] - page.settings - {"XSSAuditingEnabled":false,"javascriptCanCloseWindows":true,"javascriptCanOpenWindows":true,"javascriptEnabled":true,"loadImages":true,"localToRemoteUrlAccessEnabled":false,"userAgent":"Mozilla/5.0 (Windows NT 6.2; WOW64) AppleWebKit/538.1 (KHTML, like Gecko) PhantomJS/2.1.1 Safari/538.1","webSecurityEnabled":true}
[INFO  - 2019-12-17T07:12:55.969Z] Session [a5f75be0-209c-11ea-950c-c1942d213c52] - page.customHeaders:  - {}
[INFO  - 2019-12-17T07:12:55.969Z] Session [a5f75be0-209c-11ea-950c-c1942d213c52] - Session.negotiatedCapabilities - {"browserName":"phantomjs","version":"2.1.1","driverName":"ghostdriver","driverVersion":"1.2.0","platform":"windows-10-32bit","javascriptEnabled":true,"takesScreenshot":true,"handlesAlerts":false,"databaseEnabled":false,"locationContextEnabled":false,"applicationCacheEnabled":false,"browserConnectionEnabled":false,"cssSelectorsEnabled":true,"webStorageEnabled":false,"rotatable":false,"acceptSslCerts":false,"nativeEvents":true,"proxy":{"proxyType":"direct"}}
[INFO  - 2019-12-17T07:12:55.969Z] SessionManagerReqHand - _postNewSessionCommand - New Session Created: a5f75be0-209c-11ea-950c-c1942d213c52
[INFO  - 2019-12-17T07:13:18.900Z] ShutdownReqHand - _handle - About to shutdown
[INFO  - 2019-12-17T07:15:02.198Z] GhostDriver - Main - running on port 36071
[INFO  - 2019-12-17T07:15:02.526Z] Session [f1666cb0-209c-11ea-9d30-f3fa3fa3c5c3] - page.settings - {"XSSAuditingEnabled":false,"javascriptCanCloseWindows":true,"javascriptCanOpenWindows":true,"javascriptEnabled":true,"loadImages":true,"localToRemoteUrlAccessEnabled":false,"userAgent":"Mozilla/5.0 (Windows NT 6.2; WOW64) AppleWebKit/538.1 (KHTML, like Gecko) PhantomJS/2.1.1 Safari/538.1","webSecurityEnabled":true}
[INFO  - 2019-12-17T07:15:02.526Z] Session [f1666cb0-209c-11ea-9d30-f3fa3fa3c5c3] - page.customHeaders:  - {}
[INFO  - 2019-12-17T07:15:02.527Z] Session [f1666cb0-209c-11ea-9d30-f3fa3fa3c5c3] - Session.negotiatedCapabilities - {"browserName":"phantomjs","version":"2.1.1","driverName":"ghostdriver","driverVersion":"1.2.0","platform":"windows-10-32bit","javascriptEnabled":true,"takesScreenshot":true,"handlesAlerts":false,"databaseEnabled":false,"locationContextEnabled":false,"applicationCacheEnabled":false,"browserConnectionEnabled":false,"cssSelectorsEnabled":true,"webStorageEnabled":false,"rotatable":false,"acceptSslCerts":false,"nativeEvents":true,"proxy":{"proxyType":"direct"}}
[INFO  - 2019-12-17T07:15:02.527Z] SessionManagerReqHand - _postNewSessionCommand - New Session Created: f1666cb0-209c-11ea-9d30-f3fa3fa3c5c3
[INFO  - 2019-12-17T07:15:25.564Z] ShutdownReqHand - _handle - About to shutdown
[INFO  - 2019-12-17T07:15:59.949Z] GhostDriver - Main - running on port 47223
[INFO  - 2019-12-17T07:16:00.313Z] Session [13d7de50-209d-11ea-98f5-eb18b8d69287] - page.settings - {"XSSAuditingEnabled":false,"javascriptCanCloseWindows":true,"javascriptCanOpenWindows":true,"javascriptEnabled":true,"loadImages":true,"localToRemoteUrlAccessEnabled":false,"userAgent":"Mozilla/5.0 (Windows NT 6.2; WOW64) AppleWebKit/538.1 (KHTML, like Gecko) PhantomJS/2.1.1 Safari/538.1","webSecurityEnabled":true}
[INFO  - 2019-12-17T07:16:00.313Z] Session [13d7de50-209d-11ea-98f5-eb18b8d69287] - page.customHeaders:  - {}
[INFO  - 2019-12-17T07:16:00.313Z] Session [13d7de50-209d-11ea-98f5-eb18b8d69287] - Session.negotiatedCapabilities - {"browserName":"phantomjs","version":"2.1.1","driverName":"ghostdriver","driverVersion":"1.2.0","platform":"windows-10-32bit","javascriptEnabled":true,"takesScreenshot":true,"handlesAlerts":false,"databaseEnabled":false,"locationContextEnabled":false,"applicationCacheEnabled":false,"browserConnectionEnabled":false,"cssSelectorsEnabled":true,"webStorageEnabled":false,"rotatable":false,"acceptSslCerts":false,"nativeEvents":true,"proxy":{"proxyType":"direct"}}
[INFO  - 2019-12-17T07:16:00.313Z] SessionManagerReqHand - _postNewSessionCommand - New Session Created: 13d7de50-209d-11ea-98f5-eb18b8d69287
[INFO  - 2019-12-17T07:16:22.948Z] ShutdownReqHand - _handle - About to shutdown
[INFO  - 2019-12-18T10:26:11.994Z] GhostDriver - Main - running on port 3347
[INFO  - 2019-12-18T10:26:12.255Z] Session [d04dedc0-2180-11ea-9c6b-051ae3cf28e8] - page.settings - {"XSSAuditingEnabled":false,"javascriptCanCloseWindows":true,"javascriptCanOpenWindows":true,"javascriptEnabled":true,"loadImages":true,"localToRemoteUrlAccessEnabled":false,"userAgent":"Mozilla/5.0 (Windows NT 6.2; WOW64) AppleWebKit/538.1 (KHTML, like Gecko) PhantomJS/2.1.1 Safari/538.1","webSecurityEnabled":true}
[INFO  - 2019-12-18T10:26:12.255Z] Session [d04dedc0-2180-11ea-9c6b-051ae3cf28e8] - page.customHeaders:  - {}
[INFO  - 2019-12-18T10:26:12.255Z] Session [d04dedc0-2180-11ea-9c6b-051ae3cf28e8] - Session.negotiatedCapabilities - {"browserName":"phantomjs","version":"2.1.1","driverName":"ghostdriver","driverVersion":"1.2.0","platform":"windows-10-32bit","javascriptEnabled":true,"takesScreenshot":true,"handlesAlerts":false,"databaseEnabled":false,"locationContextEnabled":false,"applicationCacheEnabled":false,"browserConnectionEnabled":false,"cssSelectorsEnabled":true,"webStorageEnabled":false,"rotatable":false,"acceptSslCerts":false,"nativeEvents":true,"proxy":{"proxyType":"direct"}}
[INFO  - 2019-12-18T10:26:12.256Z] SessionManagerReqHand - _postNewSessionCommand - New Session Created: d04dedc0-2180-11ea-9c6b-051ae3cf28e8
[INFO  - 2019-12-18T10:26:36.650Z] ShutdownReqHand - _handle - About to shutdown
[INFO  - 2019-12-18T10:26:52.233Z] GhostDriver - Main - running on port 33964
[INFO  - 2019-12-18T10:26:52.630Z] Session [e85eaa30-2180-11ea-9ab5-df97964563c4] - page.settings - {"XSSAuditingEnabled":false,"javascriptCanCloseWindows":true,"javascriptCanOpenWindows":true,"javascriptEnabled":true,"loadImages":true,"localToRemoteUrlAccessEnabled":false,"userAgent":"Mozilla/5.0 (Windows NT 6.2; WOW64) AppleWebKit/538.1 (KHTML, like Gecko) PhantomJS/2.1.1 Safari/538.1","webSecurityEnabled":true}
[INFO  - 2019-12-18T10:26:52.630Z] Session [e85eaa30-2180-11ea-9ab5-df97964563c4] - page.customHeaders:  - {}
[INFO  - 2019-12-18T10:26:52.630Z] Session [e85eaa30-2180-11ea-9ab5-df97964563c4] - Session.negotiatedCapabilities - {"browserName":"phantomjs","version":"2.1.1","driverName":"ghostdriver","driverVersion":"1.2.0","platform":"windows-10-32bit","javascriptEnabled":true,"takesScreenshot":true,"handlesAlerts":false,"databaseEnabled":false,"locationContextEnabled":false,"applicationCacheEnabled":false,"browserConnectionEnabled":false,"cssSelectorsEnabled":true,"webStorageEnabled":false,"rotatable":false,"acceptSslCerts":false,"nativeEvents":true,"proxy":{"proxyType":"direct"}}
[INFO  - 2019-12-18T10:26:52.630Z] SessionManagerReqHand - _postNewSessionCommand - New Session Created: e85eaa30-2180-11ea-9ab5-df97964563c4
[INFO  - 2019-12-18T10:27:15.782Z] ShutdownReqHand - _handle - About to shutdown
[INFO  - 2019-12-18T10:29:32.562Z] GhostDriver - Main - running on port 23151
[INFO  - 2019-12-18T10:29:32.934Z] Session [47eb1d30-2181-11ea-a1a7-c5bbaa20d0b7] - page.settings - {"XSSAuditingEnabled":false,"javascriptCanCloseWindows":true,"javascriptCanOpenWindows":true,"javascriptEnabled":true,"loadImages":true,"localToRemoteUrlAccessEnabled":false,"userAgent":"Mozilla/5.0 (Windows NT 6.2; WOW64) AppleWebKit/538.1 (KHTML, like Gecko) PhantomJS/2.1.1 Safari/538.1","webSecurityEnabled":true}
[INFO  - 2019-12-18T10:29:32.934Z] Session [47eb1d30-2181-11ea-a1a7-c5bbaa20d0b7] - page.customHeaders:  - {}
[INFO  - 2019-12-18T10:29:32.934Z] Session [47eb1d30-2181-11ea-a1a7-c5bbaa20d0b7] - Session.negotiatedCapabilities - {"browserName":"phantomjs","version":"2.1.1","driverName":"ghostdriver","driverVersion":"1.2.0","platform":"windows-10-32bit","javascriptEnabled":true,"takesScreenshot":true,"handlesAlerts":false,"databaseEnabled":false,"locationContextEnabled":false,"applicationCacheEnabled":false,"browserConnectionEnabled":false,"cssSelectorsEnabled":true,"webStorageEnabled":false,"rotatable":false,"acceptSslCerts":false,"nativeEvents":true,"proxy":{"proxyType":"direct"}}
[INFO  - 2019-12-18T10:29:32.934Z] SessionManagerReqHand - _postNewSessionCommand - New Session Created: 47eb1d30-2181-11ea-a1a7-c5bbaa20d0b7
[INFO  - 2019-12-18T10:30:37.607Z] GhostDriver - Main - running on port 43686
[INFO  - 2019-12-18T10:30:37.943Z] Session [6eaab340-2181-11ea-97b2-f7985d65e684] - page.settings - {"XSSAuditingEnabled":false,"javascriptCanCloseWindows":true,"javascriptCanOpenWindows":true,"javascriptEnabled":true,"loadImages":true,"localToRemoteUrlAccessEnabled":false,"userAgent":"Mozilla/5.0 (Windows NT 6.2; WOW64) AppleWebKit/538.1 (KHTML, like Gecko) PhantomJS/2.1.1 Safari/538.1","webSecurityEnabled":true}
[INFO  - 2019-12-18T10:30:37.943Z] Session [6eaab340-2181-11ea-97b2-f7985d65e684] - page.customHeaders:  - {}
[INFO  - 2019-12-18T10:30:37.943Z] Session [6eaab340-2181-11ea-97b2-f7985d65e684] - Session.negotiatedCapabilities - {"browserName":"phantomjs","version":"2.1.1","driverName":"ghostdriver","driverVersion":"1.2.0","platform":"windows-10-32bit","javascriptEnabled":true,"takesScreenshot":true,"handlesAlerts":false,"databaseEnabled":false,"locationContextEnabled":false,"applicationCacheEnabled":false,"browserConnectionEnabled":false,"cssSelectorsEnabled":true,"webStorageEnabled":false,"rotatable":false,"acceptSslCerts":false,"nativeEvents":true,"proxy":{"proxyType":"direct"}}
[INFO  - 2019-12-18T10:30:37.943Z] SessionManagerReqHand - _postNewSessionCommand - New Session Created: 6eaab340-2181-11ea-97b2-f7985d65e684
[INFO  - 2019-12-18T10:31:08.910Z] ShutdownReqHand - _handle - About to shutdown
[INFO  - 2019-12-18T10:32:12.604Z] GhostDriver - Main - running on port 41246
[INFO  - 2019-12-18T10:32:13.001Z] Session [a7533f50-2181-11ea-a27e-67f29472cfb2] - page.settings - {"XSSAuditingEnabled":false,"javascriptCanCloseWindows":true,"javascriptCanOpenWindows":true,"javascriptEnabled":true,"loadImages":true,"localToRemoteUrlAccessEnabled":false,"userAgent":"Mozilla/5.0 (Windows NT 6.2; WOW64) AppleWebKit/538.1 (KHTML, like Gecko) PhantomJS/2.1.1 Safari/538.1","webSecurityEnabled":true}
[INFO  - 2019-12-18T10:32:13.001Z] Session [a7533f50-2181-11ea-a27e-67f29472cfb2] - page.customHeaders:  - {}
[INFO  - 2019-12-18T10:32:13.001Z] Session [a7533f50-2181-11ea-a27e-67f29472cfb2] - Session.negotiatedCapabilities - {"browserName":"phantomjs","version":"2.1.1","driverName":"ghostdriver","driverVersion":"1.2.0","platform":"windows-10-32bit","javascriptEnabled":true,"takesScreenshot":true,"handlesAlerts":false,"databaseEnabled":false,"locationContextEnabled":false,"applicationCacheEnabled":false,"browserConnectionEnabled":false,"cssSelectorsEnabled":true,"webStorageEnabled":false,"rotatable":false,"acceptSslCerts":false,"nativeEvents":true,"proxy":{"proxyType":"direct"}}
[INFO  - 2019-12-18T10:32:13.001Z] SessionManagerReqHand - _postNewSessionCommand - New Session Created: a7533f50-2181-11ea-a27e-67f29472cfb2
[INFO  - 2019-12-18T10:32:37.979Z] ShutdownReqHand - _handle - About to shutdown
[INFO  - 2019-12-18T18:15:45.986Z] GhostDriver - Main - running on port 9420
[INFO  - 2019-12-18T18:15:46.380Z] Session [69643b90-21c2-11ea-9d4a-7f961e661d0b] - page.settings - {"XSSAuditingEnabled":false,"javascriptCanCloseWindows":true,"javascriptCanOpenWindows":true,"javascriptEnabled":true,"loadImages":true,"localToRemoteUrlAccessEnabled":false,"userAgent":"Mozilla/5.0 (Windows NT 6.2; WOW64) AppleWebKit/538.1 (KHTML, like Gecko) PhantomJS/2.1.1 Safari/538.1","webSecurityEnabled":true}
[INFO  - 2019-12-18T18:15:46.380Z] Session [69643b90-21c2-11ea-9d4a-7f961e661d0b] - page.customHeaders:  - {}
[INFO  - 2019-12-18T18:15:46.380Z] Session [69643b90-21c2-11ea-9d4a-7f961e661d0b] - Session.negotiatedCapabilities - {"browserName":"phantomjs","version":"2.1.1","driverName":"ghostdriver","driverVersion":"1.2.0","platform":"windows-10-32bit","javascriptEnabled":true,"takesScreenshot":true,"handlesAlerts":false,"databaseEnabled":false,"locationContextEnabled":false,"applicationCacheEnabled":false,"browserConnectionEnabled":false,"cssSelectorsEnabled":true,"webStorageEnabled":false,"rotatable":false,"acceptSslCerts":false,"nativeEvents":true,"proxy":{"proxyType":"direct"}}
[INFO  - 2019-12-18T18:15:46.380Z] SessionManagerReqHand - _postNewSessionCommand - New Session Created: 69643b90-21c2-11ea-9d4a-7f961e661d0b
[INFO  - 2019-12-18T18:16:20.739Z] ShutdownReqHand - _handle - About to shutdown
[INFO  - 2019-12-18T18:19:23.017Z] GhostDriver - Main - running on port 5302
[INFO  - 2019-12-18T18:19:23.407Z] Session [eabfc5b0-21c2-11ea-a4a1-076b04ad5560] - page.settings - {"XSSAuditingEnabled":false,"javascriptCanCloseWindows":true,"javascriptCanOpenWindows":true,"javascriptEnabled":true,"loadImages":true,"localToRemoteUrlAccessEnabled":false,"userAgent":"Mozilla/5.0 (Windows NT 6.2; WOW64) AppleWebKit/538.1 (KHTML, like Gecko) PhantomJS/2.1.1 Safari/538.1","webSecurityEnabled":true}
[INFO  - 2019-12-18T18:19:23.407Z] Session [eabfc5b0-21c2-11ea-a4a1-076b04ad5560] - page.customHeaders:  - {}
[INFO  - 2019-12-18T18:19:23.407Z] Session [eabfc5b0-21c2-11ea-a4a1-076b04ad5560] - Session.negotiatedCapabilities - {"browserName":"phantomjs","version":"2.1.1","driverName":"ghostdriver","driverVersion":"1.2.0","platform":"windows-10-32bit","javascriptEnabled":true,"takesScreenshot":true,"handlesAlerts":false,"databaseEnabled":false,"locationContextEnabled":false,"applicationCacheEnabled":false,"browserConnectionEnabled":false,"cssSelectorsEnabled":true,"webStorageEnabled":false,"rotatable":false,"acceptSslCerts":false,"nativeEvents":true,"proxy":{"proxyType":"direct"}}
[INFO  - 2019-12-18T18:19:23.407Z] SessionManagerReqHand - _postNewSessionCommand - New Session Created: eabfc5b0-21c2-11ea-a4a1-076b04ad5560
[INFO  - 2019-12-18T18:20:31.445Z] GhostDriver - Main - running on port 28924
[INFO  - 2019-12-18T18:20:31.823Z] Session [138760c0-21c3-11ea-9cea-87cf6ce9376f] - page.settings - {"XSSAuditingEnabled":false,"javascriptCanCloseWindows":true,"javascriptCanOpenWindows":true,"javascriptEnabled":true,"loadImages":true,"localToRemoteUrlAccessEnabled":false,"userAgent":"Mozilla/5.0 (Windows NT 6.2; WOW64) AppleWebKit/538.1 (KHTML, like Gecko) PhantomJS/2.1.1 Safari/538.1","webSecurityEnabled":true}
[INFO  - 2019-12-18T18:20:31.823Z] Session [138760c0-21c3-11ea-9cea-87cf6ce9376f] - page.customHeaders:  - {}
[INFO  - 2019-12-18T18:20:31.824Z] Session [138760c0-21c3-11ea-9cea-87cf6ce9376f] - Session.negotiatedCapabilities - {"browserName":"phantomjs","version":"2.1.1","driverName":"ghostdriver","driverVersion":"1.2.0","platform":"windows-10-32bit","javascriptEnabled":true,"takesScreenshot":true,"handlesAlerts":false,"databaseEnabled":false,"locationContextEnabled":false,"applicationCacheEnabled":false,"browserConnectionEnabled":false,"cssSelectorsEnabled":true,"webStorageEnabled":false,"rotatable":false,"acceptSslCerts":false,"nativeEvents":true,"proxy":{"proxyType":"direct"}}
[INFO  - 2019-12-18T18:20:31.824Z] SessionManagerReqHand - _postNewSessionCommand - New Session Created: 138760c0-21c3-11ea-9cea-87cf6ce9376f
